{"/Users/bash/Desktop/lab/url-shortener/utils/generateShortURL.js": {"path":"/Users/bash/Desktop/lab/url-shortener/utils/generateShortURL.js","statementMap":{"0":{"start":{"line":2,"column":16},"end":{"line":2,"column":18}},"1":{"start":{"line":3,"column":22},"end":{"line":3,"column":86}},"2":{"start":{"line":4,"column":2},"end":{"line":7,"column":3}},"3":{"start":{"line":4,"column":15},"end":{"line":4,"column":16}},"4":{"start":{"line":5,"column":24},"end":{"line":5,"column":70}},"5":{"start":{"line":6,"column":4},"end":{"line":6,"column":39}},"6":{"start":{"line":8,"column":2},"end":{"line":8,"column":16}},"7":{"start":{"line":11,"column":0},"end":{"line":11,"column":34}}},"fnMap":{"0":{"name":"generateShortURL","decl":{"start":{"line":1,"column":9},"end":{"line":1,"column":25}},"loc":{"start":{"line":1,"column":36},"end":{"line":9,"column":1}},"line":1}},"branchMap":{"0":{"loc":{"start":{"line":1,"column":26},"end":{"line":1,"column":34}},"type":"default-arg","locations":[{"start":{"line":1,"column":33},"end":{"line":1,"column":34}}],"line":1}},"s":{"0":3,"1":3,"2":3,"3":3,"4":20,"5":20,"6":3,"7":1},"f":{"0":3},"b":{"0":[1]},"_coverageSchema":"1a1c01bbd47fc00a2c39e90264f33305004495a9","hash":"b9703c9778f312ff722720df004290d6ed6aa03f"}
}
